<?xml version="1.0" encoding="UTF-8"?>
<!-- Generated by org.testng.reporters.JUnitXMLReporter -->
<testsuite ignored="0" hostname="DESKTOP-9G0TIR3" failures="1" tests="1" name="Test" time="0.063" errors="0" timestamp="2023-04-17T19:00:01 IST">
  <testcase classname="Demo_TestNg.Demo_Btes" name="OpenWebsite" time="0.0">
    <failure type="org.testng.TestNGException" message="
Parameter &amp;apos;loginName&amp;apos; is required by @Test on method OpenWebsite but has not been marked @Optional or defined
in C:\Users\user\eclipse-workspace\FirstProject\TestNg.xml">
      <![CDATA[org.testng.TestNGException: 
Parameter 'loginName' is required by @Test on method OpenWebsite but has not been marked @Optional or defined
in C:\Users\user\eclipse-workspace\FirstProject\TestNg.xml
at java.base/java.util.ArrayList.forEach(ArrayList.java:1511)
... Removed 26 stack frames]]>
    </failure>
  </testcase> <!-- OpenWebsite -->
</testsuite> <!-- Test -->
